#-----------------------------------------------------------
# Vivado v2021.1 (64-bit)
# SW Build 3247384 on Thu Jun 10 19:36:33 MDT 2021
# IP Build 3246043 on Fri Jun 11 00:30:35 MDT 2021
# Start of session at: Tue Aug 23 20:46:35 2022
# Process ID: 16536
# Current directory: C:/Users/Dharma/Desktop/InternPreps/Projects/NN/FPGA/digit_classifier
# Command line: vivado.exe -gui_launcher_event rodinguilauncherevent8188 C:\Users\Dharma\Desktop\InternPreps\Projects\NN\FPGA\digit_classifier\digit_classifier.xpr
# Log file: C:/Users/Dharma/Desktop/InternPreps/Projects/NN/FPGA/digit_classifier/vivado.log
# Journal file: C:/Users/Dharma/Desktop/InternPreps/Projects/NN/FPGA/digit_classifier\vivado.jou
#-----------------------------------------------------------
start_gui
open_project C:/Users/Dharma/Desktop/InternPreps/Projects/NN/FPGA/digit_classifier/digit_classifier.xpr
WARNING: [filemgmt 56-3] Default IP Output Path : Could not find the directory 'C:/Users/Dharma/Desktop/InternPreps/Projects/NN/FPGA/digit_classifier/digit_classifier.gen/sources_1'.
Scanning sources...
Finished scanning sources
INFO: [IP_Flow 19-234] Refreshing IP repositories
INFO: [IP_Flow 19-1704] No user IP repositories specified
INFO: [IP_Flow 19-2313] Loaded Vivado IP repository 'E:/Simulations/Xilinx/Vivado/2021.1/data/ip'.
open_project: Time (s): cpu = 00:00:26 ; elapsed = 00:00:08 . Memory (MB): peak = 1462.918 ; gain = 0.000
update_compile_order -fileset sources_1
exit
INFO: [Common 17-206] Exiting Vivado at Tue Aug 23 20:47:03 2022...
